{"/Users/si/dev/personal/monopeers/src/get-corrected-package-peers.ts": {"path":"/Users/si/dev/personal/monopeers/src/get-corrected-package-peers.ts","all":false,"statementMap":{"0":{"start":{"line":1,"column":0},"end":{"line":1,"column":39}},"1":{"start":{"line":2,"column":0},"end":{"line":2,"column":76}},"2":{"start":{"line":3,"column":0},"end":{"line":3,"column":43}},"3":{"start":{"line":4,"column":0},"end":{"line":4,"column":52}},"4":{"start":{"line":5,"column":0},"end":{"line":5,"column":86}},"5":{"start":{"line":6,"column":0},"end":{"line":6,"column":0}},"6":{"start":{"line":7,"column":0},"end":{"line":7,"column":84}},"7":{"start":{"line":8,"column":0},"end":{"line":8,"column":41}},"8":{"start":{"line":9,"column":0},"end":{"line":9,"column":22}},"9":{"start":{"line":10,"column":0},"end":{"line":10,"column":0}},"10":{"start":{"line":11,"column":0},"end":{"line":11,"column":6}},"11":{"start":{"line":12,"column":0},"end":{"line":12,"column":28}},"12":{"start":{"line":13,"column":0},"end":{"line":13,"column":0}},"13":{"start":{"line":14,"column":0},"end":{"line":14,"column":49}},"14":{"start":{"line":15,"column":0},"end":{"line":15,"column":91}},"15":{"start":{"line":16,"column":0},"end":{"line":16,"column":0}},"16":{"start":{"line":17,"column":0},"end":{"line":17,"column":87}},"17":{"start":{"line":18,"column":0},"end":{"line":18,"column":79}},"18":{"start":{"line":19,"column":0},"end":{"line":19,"column":0}},"19":{"start":{"line":20,"column":0},"end":{"line":20,"column":53}},"20":{"start":{"line":21,"column":0},"end":{"line":21,"column":74}},"21":{"start":{"line":22,"column":0},"end":{"line":22,"column":28}},"22":{"start":{"line":23,"column":0},"end":{"line":23,"column":20}},"23":{"start":{"line":24,"column":0},"end":{"line":24,"column":12}},"24":{"start":{"line":25,"column":0},"end":{"line":25,"column":9}},"25":{"start":{"line":26,"column":0},"end":{"line":26,"column":0}},"26":{"start":{"line":27,"column":0},"end":{"line":27,"column":10}},"27":{"start":{"line":28,"column":0},"end":{"line":28,"column":52}},"28":{"start":{"line":29,"column":0},"end":{"line":29,"column":57}},"29":{"start":{"line":30,"column":0},"end":{"line":30,"column":62}},"30":{"start":{"line":31,"column":0},"end":{"line":31,"column":9}},"31":{"start":{"line":32,"column":0},"end":{"line":32,"column":32}},"32":{"start":{"line":33,"column":0},"end":{"line":33,"column":34}},"33":{"start":{"line":34,"column":0},"end":{"line":34,"column":18}},"34":{"start":{"line":35,"column":0},"end":{"line":35,"column":40}},"35":{"start":{"line":36,"column":0},"end":{"line":36,"column":39}},"36":{"start":{"line":37,"column":0},"end":{"line":37,"column":45}},"37":{"start":{"line":38,"column":0},"end":{"line":38,"column":15}},"38":{"start":{"line":39,"column":0},"end":{"line":39,"column":12}},"39":{"start":{"line":40,"column":0},"end":{"line":40,"column":10}},"40":{"start":{"line":41,"column":0},"end":{"line":41,"column":7}},"41":{"start":{"line":42,"column":0},"end":{"line":42,"column":87}},"42":{"start":{"line":43,"column":0},"end":{"line":43,"column":0}},"43":{"start":{"line":44,"column":0},"end":{"line":44,"column":60}},"44":{"start":{"line":45,"column":0},"end":{"line":45,"column":31}},"45":{"start":{"line":46,"column":0},"end":{"line":46,"column":7}},"46":{"start":{"line":47,"column":0},"end":{"line":47,"column":5}},"47":{"start":{"line":48,"column":0},"end":{"line":48,"column":28}},"48":{"start":{"line":49,"column":0},"end":{"line":49,"column":30}},"49":{"start":{"line":50,"column":0},"end":{"line":50,"column":2}}},"s":{"0":1,"1":1,"2":1,"3":1,"4":1,"5":1,"6":1,"7":3,"8":3,"9":3,"10":3,"11":9,"12":9,"13":9,"14":66,"15":66,"16":66,"17":66,"18":66,"19":66,"20":66,"21":66,"22":66,"23":66,"24":66,"25":66,"26":66,"27":66,"28":63,"29":6,"30":66,"31":57,"32":57,"33":57,"34":57,"35":57,"36":57,"37":57,"38":57,"39":57,"40":57,"41":66,"42":66,"43":66,"44":15,"45":15,"46":66,"47":3,"48":3,"49":3},"branchMap":{"0":{"type":"branch","line":7,"loc":{"start":{"line":7,"column":13},"end":{"line":7,"column":40}},"locations":[{"start":{"line":7,"column":13},"end":{"line":7,"column":40}}]},"1":{"type":"branch","line":7,"loc":{"start":{"line":7,"column":40},"end":{"line":50,"column":2}},"locations":[{"start":{"line":7,"column":40},"end":{"line":50,"column":2}}]},"2":{"type":"branch","line":11,"loc":{"start":{"line":11,"column":5},"end":{"line":48,"column":11}},"locations":[{"start":{"line":11,"column":5},"end":{"line":48,"column":11}}]},"3":{"type":"branch","line":14,"loc":{"start":{"line":14,"column":48},"end":{"line":47,"column":5}},"locations":[{"start":{"line":14,"column":48},"end":{"line":47,"column":5}}]},"4":{"type":"branch","line":28,"loc":{"start":{"line":28,"column":41},"end":{"line":30,"column":62}},"locations":[{"start":{"line":28,"column":41},"end":{"line":30,"column":62}}]},"5":{"type":"branch","line":29,"loc":{"start":{"line":29,"column":53},"end":{"line":30,"column":62}},"locations":[{"start":{"line":29,"column":53},"end":{"line":30,"column":62}}]},"6":{"type":"branch","line":31,"loc":{"start":{"line":31,"column":8},"end":{"line":41,"column":7}},"locations":[{"start":{"line":31,"column":8},"end":{"line":41,"column":7}}]},"7":{"type":"branch","line":44,"loc":{"start":{"line":44,"column":59},"end":{"line":46,"column":7}},"locations":[{"start":{"line":44,"column":59},"end":{"line":46,"column":7}}]}},"b":{"0":[3],"1":[3],"2":[9],"3":[66],"4":[63],"5":[6],"6":[57],"7":[15]},"fnMap":{"0":{"name":"get","decl":{"start":{"line":7,"column":13},"end":{"line":7,"column":40}},"loc":{"start":{"line":7,"column":13},"end":{"line":7,"column":40}},"line":7},"1":{"name":"getCorrectedPackagePeers","decl":{"start":{"line":7,"column":40},"end":{"line":50,"column":2}},"loc":{"start":{"line":7,"column":40},"end":{"line":50,"column":2}},"line":7}},"f":{"0":3,"1":3}}
,"/Users/si/dev/personal/monopeers/src/get-filtered-hoisted-package-peers.ts": {"path":"/Users/si/dev/personal/monopeers/src/get-filtered-hoisted-package-peers.ts","all":false,"statementMap":{"0":{"start":{"line":1,"column":0},"end":{"line":1,"column":43}},"1":{"start":{"line":2,"column":0},"end":{"line":2,"column":0}},"2":{"start":{"line":3,"column":0},"end":{"line":3,"column":43}},"3":{"start":{"line":4,"column":0},"end":{"line":4,"column":46}},"4":{"start":{"line":5,"column":0},"end":{"line":5,"column":27}},"5":{"start":{"line":6,"column":0},"end":{"line":6,"column":14}},"6":{"start":{"line":7,"column":0},"end":{"line":7,"column":2}},"7":{"start":{"line":8,"column":0},"end":{"line":8,"column":0}},"8":{"start":{"line":9,"column":0},"end":{"line":9,"column":48}},"9":{"start":{"line":10,"column":0},"end":{"line":10,"column":22}},"10":{"start":{"line":11,"column":0},"end":{"line":11,"column":14}},"11":{"start":{"line":12,"column":0},"end":{"line":12,"column":19}},"12":{"start":{"line":13,"column":0},"end":{"line":13,"column":67}},"13":{"start":{"line":14,"column":0},"end":{"line":14,"column":59}},"14":{"start":{"line":15,"column":0},"end":{"line":15,"column":56}},"15":{"start":{"line":16,"column":0},"end":{"line":16,"column":9}},"16":{"start":{"line":17,"column":0},"end":{"line":17,"column":65}},"17":{"start":{"line":18,"column":0},"end":{"line":18,"column":59}},"18":{"start":{"line":19,"column":0},"end":{"line":19,"column":9}},"19":{"start":{"line":20,"column":0},"end":{"line":20,"column":50}},"20":{"start":{"line":21,"column":0},"end":{"line":21,"column":36}},"21":{"start":{"line":22,"column":0},"end":{"line":22,"column":83}},"22":{"start":{"line":23,"column":0},"end":{"line":23,"column":52}},"23":{"start":{"line":24,"column":0},"end":{"line":24,"column":4}},"24":{"start":{"line":25,"column":0},"end":{"line":25,"column":30}},"25":{"start":{"line":26,"column":0},"end":{"line":26,"column":2}}},"s":{"0":1,"1":1,"2":1,"3":1,"4":1,"5":1,"6":1,"7":1,"8":1,"9":66,"10":66,"11":66,"12":66,"13":66,"14":6,"15":66,"16":66,"17":0,"18":66,"19":66,"20":66,"21":66,"22":66,"23":66,"24":66,"25":66},"branchMap":{"0":{"type":"branch","line":9,"loc":{"start":{"line":9,"column":13},"end":{"line":9,"column":46}},"locations":[{"start":{"line":9,"column":13},"end":{"line":9,"column":46}}]},"1":{"type":"branch","line":9,"loc":{"start":{"line":9,"column":46},"end":{"line":26,"column":2}},"locations":[{"start":{"line":9,"column":46},"end":{"line":26,"column":2}}]},"2":{"type":"branch","line":15,"loc":{"start":{"line":15,"column":-1},"end":{"line":15,"column":56}},"locations":[{"start":{"line":15,"column":-1},"end":{"line":15,"column":56}}]},"3":{"type":"branch","line":15,"loc":{"start":{"line":15,"column":55},"end":{"line":16,"column":8}},"locations":[{"start":{"line":15,"column":55},"end":{"line":16,"column":8}}]},"4":{"type":"branch","line":18,"loc":{"start":{"line":18,"column":-1},"end":{"line":18,"column":59}},"locations":[{"start":{"line":18,"column":-1},"end":{"line":18,"column":59}}]},"5":{"type":"branch","line":22,"loc":{"start":{"line":22,"column":14},"end":{"line":22,"column":83}},"locations":[{"start":{"line":22,"column":14},"end":{"line":22,"column":83}}]},"6":{"type":"branch","line":22,"loc":{"start":{"line":22,"column":45},"end":{"line":22,"column":83}},"locations":[{"start":{"line":22,"column":45},"end":{"line":22,"column":83}}]},"7":{"type":"branch","line":23,"loc":{"start":{"line":23,"column":11},"end":{"line":23,"column":52}},"locations":[{"start":{"line":23,"column":11},"end":{"line":23,"column":52}}]}},"b":{"0":[66],"1":[66],"2":[6],"3":[60],"4":[0],"5":[150],"6":[135],"7":[135]},"fnMap":{"0":{"name":"get","decl":{"start":{"line":9,"column":13},"end":{"line":9,"column":46}},"loc":{"start":{"line":9,"column":13},"end":{"line":9,"column":46}},"line":9},"1":{"name":"getFilteredHoistedPackagePeers","decl":{"start":{"line":9,"column":46},"end":{"line":26,"column":2}},"loc":{"start":{"line":9,"column":46},"end":{"line":26,"column":2}},"line":9}},"f":{"0":66,"1":66}}
,"/Users/si/dev/personal/monopeers/src/get-hoisted-package-peer-deps.ts": {"path":"/Users/si/dev/personal/monopeers/src/get-hoisted-package-peer-deps.ts","all":false,"statementMap":{"0":{"start":{"line":1,"column":0},"end":{"line":1,"column":43}},"1":{"start":{"line":2,"column":0},"end":{"line":2,"column":0}},"2":{"start":{"line":3,"column":0},"end":{"line":3,"column":42}},"3":{"start":{"line":4,"column":0},"end":{"line":4,"column":27}},"4":{"start":{"line":5,"column":0},"end":{"line":5,"column":13}},"5":{"start":{"line":6,"column":0},"end":{"line":6,"column":30}},"6":{"start":{"line":7,"column":0},"end":{"line":7,"column":32}},"7":{"start":{"line":8,"column":0},"end":{"line":8,"column":48}},"8":{"start":{"line":9,"column":0},"end":{"line":9,"column":45}},"9":{"start":{"line":10,"column":0},"end":{"line":10,"column":55}},"10":{"start":{"line":11,"column":0},"end":{"line":11,"column":28}},"11":{"start":{"line":12,"column":0},"end":{"line":12,"column":63}},"12":{"start":{"line":13,"column":0},"end":{"line":13,"column":46}},"13":{"start":{"line":14,"column":0},"end":{"line":14,"column":15}},"14":{"start":{"line":15,"column":0},"end":{"line":15,"column":30}},"15":{"start":{"line":16,"column":0},"end":{"line":16,"column":32}},"16":{"start":{"line":17,"column":0},"end":{"line":17,"column":26}},"17":{"start":{"line":18,"column":0},"end":{"line":18,"column":28}},"18":{"start":{"line":19,"column":0},"end":{"line":19,"column":8}},"19":{"start":{"line":20,"column":0},"end":{"line":20,"column":5}},"20":{"start":{"line":21,"column":0},"end":{"line":21,"column":3}},"21":{"start":{"line":22,"column":0},"end":{"line":22,"column":30}},"22":{"start":{"line":23,"column":0},"end":{"line":23,"column":2}}},"s":{"0":1,"1":1,"2":1,"3":70,"4":70,"5":70,"6":70,"7":70,"8":70,"9":66,"10":116,"11":116,"12":101,"13":116,"14":116,"15":116,"16":116,"17":116,"18":116,"19":116,"20":66,"21":70,"22":70},"branchMap":{"0":{"type":"branch","line":3,"loc":{"start":{"line":3,"column":13},"end":{"line":3,"column":41}},"locations":[{"start":{"line":3,"column":13},"end":{"line":3,"column":41}}]},"1":{"type":"branch","line":3,"loc":{"start":{"line":3,"column":41},"end":{"line":23,"column":2}},"locations":[{"start":{"line":3,"column":41},"end":{"line":23,"column":2}}]},"2":{"type":"branch","line":9,"loc":{"start":{"line":9,"column":44},"end":{"line":21,"column":3}},"locations":[{"start":{"line":9,"column":44},"end":{"line":21,"column":3}}]},"3":{"type":"branch","line":10,"loc":{"start":{"line":10,"column":54},"end":{"line":20,"column":5}},"locations":[{"start":{"line":10,"column":54},"end":{"line":20,"column":5}}]},"4":{"type":"branch","line":12,"loc":{"start":{"line":12,"column":25},"end":{"line":12,"column":63}},"locations":[{"start":{"line":12,"column":25},"end":{"line":12,"column":63}}]},"5":{"type":"branch","line":13,"loc":{"start":{"line":13,"column":-1},"end":{"line":13,"column":46}},"locations":[{"start":{"line":13,"column":-1},"end":{"line":13,"column":46}}]},"6":{"type":"branch","line":14,"loc":{"start":{"line":14,"column":-1},"end":{"line":14,"column":14}},"locations":[{"start":{"line":14,"column":-1},"end":{"line":14,"column":14}}]}},"b":{"0":[70],"1":[70],"2":[66],"3":[116],"4":[115],"5":[101],"6":[15]},"fnMap":{"0":{"name":"get","decl":{"start":{"line":3,"column":13},"end":{"line":3,"column":41}},"loc":{"start":{"line":3,"column":13},"end":{"line":3,"column":41}},"line":3},"1":{"name":"getHoistedPackagePeerDeps","decl":{"start":{"line":3,"column":41},"end":{"line":23,"column":2}},"loc":{"start":{"line":3,"column":41},"end":{"line":23,"column":2}},"line":3}},"f":{"0":70,"1":70}}
,"/Users/si/dev/personal/monopeers/src/get-package-peers.ts": {"path":"/Users/si/dev/personal/monopeers/src/get-package-peers.ts","all":false,"statementMap":{"0":{"start":{"line":1,"column":0},"end":{"line":1,"column":43}},"1":{"start":{"line":2,"column":0},"end":{"line":2,"column":0}},"2":{"start":{"line":3,"column":0},"end":{"line":3,"column":75}},"3":{"start":{"line":4,"column":0},"end":{"line":4,"column":12}},"4":{"start":{"line":5,"column":0},"end":{"line":5,"column":2}}},"s":{"0":1,"1":1,"2":1,"3":1,"4":1},"branchMap":{"0":{"type":"branch","line":3,"loc":{"start":{"line":3,"column":13},"end":{"line":3,"column":31}},"locations":[{"start":{"line":3,"column":13},"end":{"line":3,"column":31}}]},"1":{"type":"branch","line":3,"loc":{"start":{"line":3,"column":31},"end":{"line":5,"column":2}},"locations":[{"start":{"line":3,"column":31},"end":{"line":5,"column":2}}]}},"b":{"0":[1],"1":[1]},"fnMap":{"0":{"name":"get","decl":{"start":{"line":3,"column":13},"end":{"line":3,"column":31}},"loc":{"start":{"line":3,"column":13},"end":{"line":3,"column":31}},"line":3},"1":{"name":"getPackagePeers","decl":{"start":{"line":3,"column":31},"end":{"line":5,"column":2}},"loc":{"start":{"line":3,"column":31},"end":{"line":5,"column":2}},"line":3}},"f":{"0":1,"1":1}}
,"/Users/si/dev/personal/monopeers/src/sort-deps.ts": {"path":"/Users/si/dev/personal/monopeers/src/sort-deps.ts","all":false,"statementMap":{"0":{"start":{"line":1,"column":0},"end":{"line":1,"column":87}},"1":{"start":{"line":2,"column":0},"end":{"line":2,"column":23}},"2":{"start":{"line":3,"column":0},"end":{"line":3,"column":52}},"3":{"start":{"line":4,"column":0},"end":{"line":4,"column":19}},"4":{"start":{"line":5,"column":0},"end":{"line":5,"column":21}},"5":{"start":{"line":6,"column":0},"end":{"line":6,"column":34}},"6":{"start":{"line":7,"column":0},"end":{"line":7,"column":6}},"7":{"start":{"line":8,"column":0},"end":{"line":8,"column":3}},"8":{"start":{"line":9,"column":0},"end":{"line":9,"column":21}},"9":{"start":{"line":10,"column":0},"end":{"line":10,"column":2}}},"s":{"0":1,"1":58,"2":58,"3":142,"4":142,"5":142,"6":142,"7":142,"8":58,"9":58},"branchMap":{"0":{"type":"branch","line":1,"loc":{"start":{"line":1,"column":13},"end":{"line":1,"column":24}},"locations":[{"start":{"line":1,"column":13},"end":{"line":1,"column":24}}]},"1":{"type":"branch","line":1,"loc":{"start":{"line":1,"column":24},"end":{"line":10,"column":2}},"locations":[{"start":{"line":1,"column":24},"end":{"line":10,"column":2}}]},"2":{"type":"branch","line":3,"loc":{"start":{"line":3,"column":51},"end":{"line":8,"column":3}},"locations":[{"start":{"line":3,"column":51},"end":{"line":8,"column":3}}]}},"b":{"0":[58],"1":[58],"2":[142]},"fnMap":{"0":{"name":"get","decl":{"start":{"line":1,"column":13},"end":{"line":1,"column":24}},"loc":{"start":{"line":1,"column":13},"end":{"line":1,"column":24}},"line":1},"1":{"name":"sortDeps","decl":{"start":{"line":1,"column":24},"end":{"line":10,"column":2}},"loc":{"start":{"line":1,"column":24},"end":{"line":10,"column":2}},"line":1}},"f":{"0":58,"1":58}}
,"/Users/si/dev/personal/monopeers/src/utils.ts": {"path":"/Users/si/dev/personal/monopeers/src/utils.ts","all":false,"statementMap":{"0":{"start":{"line":1,"column":0},"end":{"line":1,"column":52}},"1":{"start":{"line":2,"column":0},"end":{"line":2,"column":53}},"2":{"start":{"line":3,"column":0},"end":{"line":3,"column":43}},"3":{"start":{"line":4,"column":0},"end":{"line":4,"column":0}},"4":{"start":{"line":5,"column":0},"end":{"line":5,"column":75}},"5":{"start":{"line":6,"column":0},"end":{"line":6,"column":18}},"6":{"start":{"line":7,"column":0},"end":{"line":7,"column":31}},"7":{"start":{"line":8,"column":0},"end":{"line":8,"column":14}},"8":{"start":{"line":9,"column":0},"end":{"line":9,"column":16}},"9":{"start":{"line":10,"column":0},"end":{"line":10,"column":36}},"10":{"start":{"line":11,"column":0},"end":{"line":11,"column":49}},"11":{"start":{"line":12,"column":0},"end":{"line":12,"column":68}},"12":{"start":{"line":13,"column":0},"end":{"line":13,"column":11}},"13":{"start":{"line":14,"column":0},"end":{"line":14,"column":99}},"14":{"start":{"line":15,"column":0},"end":{"line":15,"column":48}},"15":{"start":{"line":16,"column":0},"end":{"line":16,"column":66}},"16":{"start":{"line":17,"column":0},"end":{"line":17,"column":11}},"17":{"start":{"line":18,"column":0},"end":{"line":18,"column":8}},"18":{"start":{"line":19,"column":0},"end":{"line":19,"column":6}},"19":{"start":{"line":20,"column":0},"end":{"line":20,"column":3}},"20":{"start":{"line":21,"column":0},"end":{"line":21,"column":0}},"21":{"start":{"line":22,"column":0},"end":{"line":22,"column":16}},"22":{"start":{"line":23,"column":0},"end":{"line":23,"column":2}},"23":{"start":{"line":24,"column":0},"end":{"line":24,"column":0}},"24":{"start":{"line":25,"column":0},"end":{"line":25,"column":80}},"25":{"start":{"line":26,"column":0},"end":{"line":26,"column":47}},"26":{"start":{"line":27,"column":0},"end":{"line":27,"column":18}},"27":{"start":{"line":28,"column":0},"end":{"line":28,"column":2}},"28":{"start":{"line":29,"column":0},"end":{"line":29,"column":0}},"29":{"start":{"line":30,"column":0},"end":{"line":30,"column":86}},"30":{"start":{"line":31,"column":0},"end":{"line":31,"column":41}},"31":{"start":{"line":32,"column":0},"end":{"line":32,"column":89}},"32":{"start":{"line":33,"column":0},"end":{"line":33,"column":2}},"33":{"start":{"line":34,"column":0},"end":{"line":34,"column":0}},"34":{"start":{"line":35,"column":0},"end":{"line":35,"column":73}},"35":{"start":{"line":36,"column":0},"end":{"line":36,"column":46}}},"s":{"0":1,"1":1,"2":1,"3":1,"4":1,"5":1,"6":1,"7":8,"8":8,"9":8,"10":8,"11":7,"12":8,"13":8,"14":8,"15":0,"16":8,"17":8,"18":8,"19":8,"20":1,"21":1,"22":1,"23":1,"24":1,"25":1,"26":1,"27":1,"28":1,"29":1,"30":132,"31":132,"32":132,"33":1,"34":1,"35":1},"branchMap":{"0":{"type":"branch","line":5,"loc":{"start":{"line":5,"column":36},"end":{"line":23,"column":2}},"locations":[{"start":{"line":5,"column":36},"end":{"line":23,"column":2}}]},"1":{"type":"branch","line":7,"loc":{"start":{"line":7,"column":30},"end":{"line":20,"column":3}},"locations":[{"start":{"line":7,"column":30},"end":{"line":20,"column":3}}]},"2":{"type":"branch","line":11,"loc":{"start":{"line":11,"column":44},"end":{"line":13,"column":9}},"locations":[{"start":{"line":11,"column":44},"end":{"line":13,"column":9}}]},"3":{"type":"branch","line":14,"loc":{"start":{"line":14,"column":40},"end":{"line":14,"column":97}},"locations":[{"start":{"line":14,"column":40},"end":{"line":14,"column":97}}]},"4":{"type":"branch","line":15,"loc":{"start":{"line":15,"column":43},"end":{"line":17,"column":9}},"locations":[{"start":{"line":15,"column":43},"end":{"line":17,"column":9}}]},"5":{"type":"branch","line":25,"loc":{"start":{"line":25,"column":35},"end":{"line":28,"column":2}},"locations":[{"start":{"line":25,"column":35},"end":{"line":28,"column":2}}]},"6":{"type":"branch","line":30,"loc":{"start":{"line":30,"column":41},"end":{"line":33,"column":2}},"locations":[{"start":{"line":30,"column":41},"end":{"line":33,"column":2}}]},"7":{"type":"branch","line":32,"loc":{"start":{"line":32,"column":37},"end":{"line":32,"column":84}},"locations":[{"start":{"line":32,"column":37},"end":{"line":32,"column":84}}]},"8":{"type":"branch","line":32,"loc":{"start":{"line":32,"column":84},"end":{"line":32,"column":88}},"locations":[{"start":{"line":32,"column":84},"end":{"line":32,"column":88}}]},"9":{"type":"branch","line":35,"loc":{"start":{"line":35,"column":39},"end":{"line":36,"column":46}},"locations":[{"start":{"line":35,"column":39},"end":{"line":36,"column":46}}]},"10":{"type":"branch","line":36,"loc":{"start":{"line":36,"column":15},"end":{"line":36,"column":44}},"locations":[{"start":{"line":36,"column":15},"end":{"line":36,"column":44}}]}},"b":{"0":[1],"1":[8],"2":[7],"3":[1],"4":[0],"5":[1],"6":[132],"7":[126],"8":[6],"9":[1],"10":[8]},"fnMap":{"0":{"name":"transformManyPkgData","decl":{"start":{"line":5,"column":36},"end":{"line":23,"column":2}},"loc":{"start":{"line":5,"column":36},"end":{"line":23,"column":2}},"line":5},"1":{"name":"getInternalPackages","decl":{"start":{"line":25,"column":35},"end":{"line":28,"column":2}},"loc":{"start":{"line":25,"column":35},"end":{"line":28,"column":2}},"line":25},"2":{"name":"getNumberOfPeersByPackage","decl":{"start":{"line":30,"column":41},"end":{"line":33,"column":2}},"loc":{"start":{"line":30,"column":41},"end":{"line":33,"column":2}},"line":30},"3":{"name":"getInternalPackageNames","decl":{"start":{"line":35,"column":39},"end":{"line":36,"column":46}},"loc":{"start":{"line":35,"column":39},"end":{"line":36,"column":46}},"line":35}},"f":{"0":1,"1":1,"2":132,"3":1}}
}
