TN:
SF:src/get-corrected-package-peers.ts
FN:7,get
FN:7,getCorrectedPackagePeers
FNF:2
FNH:2
FNDA:3,get
FNDA:3,getCorrectedPackagePeers
DA:1,1
DA:2,1
DA:3,1
DA:4,1
DA:5,1
DA:6,1
DA:7,1
DA:8,3
DA:9,3
DA:10,3
DA:11,3
DA:12,9
DA:13,9
DA:14,9
DA:15,66
DA:16,66
DA:17,66
DA:18,66
DA:19,66
DA:20,66
DA:21,66
DA:22,66
DA:23,66
DA:24,66
DA:25,66
DA:26,66
DA:27,66
DA:28,66
DA:29,63
DA:30,6
DA:31,66
DA:32,57
DA:33,57
DA:34,57
DA:35,57
DA:36,57
DA:37,57
DA:38,57
DA:39,57
DA:40,57
DA:41,57
DA:42,66
DA:43,66
DA:44,66
DA:45,15
DA:46,15
DA:47,66
DA:48,3
DA:49,3
DA:50,3
LF:50
LH:50
BRDA:7,0,0,3
BRDA:7,1,0,3
BRDA:11,2,0,9
BRDA:14,3,0,66
BRDA:28,4,0,63
BRDA:29,5,0,6
BRDA:31,6,0,57
BRDA:44,7,0,15
BRF:8
BRH:8
end_of_record
TN:
SF:src/get-filtered-hoisted-package-peers.ts
FN:9,get
FN:9,getFilteredHoistedPackagePeers
FNF:2
FNH:2
FNDA:66,get
FNDA:66,getFilteredHoistedPackagePeers
DA:1,1
DA:2,1
DA:3,1
DA:4,1
DA:5,1
DA:6,1
DA:7,1
DA:8,1
DA:9,1
DA:10,66
DA:11,66
DA:12,66
DA:13,66
DA:14,66
DA:15,6
DA:16,66
DA:17,66
DA:18,0
DA:19,66
DA:20,66
DA:21,66
DA:22,66
DA:23,66
DA:24,66
DA:25,66
DA:26,66
LF:26
LH:25
BRDA:9,0,0,66
BRDA:9,1,0,66
BRDA:15,2,0,6
BRDA:15,3,0,60
BRDA:18,4,0,0
BRDA:22,5,0,150
BRDA:22,6,0,135
BRDA:23,7,0,135
BRF:8
BRH:7
end_of_record
TN:
SF:src/get-hoisted-package-peer-deps.ts
FN:3,get
FN:3,getHoistedPackagePeerDeps
FNF:2
FNH:2
FNDA:70,get
FNDA:70,getHoistedPackagePeerDeps
DA:1,1
DA:2,1
DA:3,1
DA:4,70
DA:5,70
DA:6,70
DA:7,70
DA:8,70
DA:9,70
DA:10,66
DA:11,116
DA:12,116
DA:13,101
DA:14,116
DA:15,116
DA:16,116
DA:17,116
DA:18,116
DA:19,116
DA:20,116
DA:21,66
DA:22,70
DA:23,70
LF:23
LH:23
BRDA:3,0,0,70
BRDA:3,1,0,70
BRDA:9,2,0,66
BRDA:10,3,0,116
BRDA:12,4,0,115
BRDA:13,5,0,101
BRDA:14,6,0,15
BRF:7
BRH:7
end_of_record
TN:
SF:src/get-package-peers.ts
FN:3,get
FN:3,getPackagePeers
FNF:2
FNH:2
FNDA:1,get
FNDA:1,getPackagePeers
DA:1,1
DA:2,1
DA:3,1
DA:4,1
DA:5,1
LF:5
LH:5
BRDA:3,0,0,1
BRDA:3,1,0,1
BRF:2
BRH:2
end_of_record
TN:
SF:src/sort-deps.ts
FN:1,get
FN:1,sortDeps
FNF:2
FNH:2
FNDA:58,get
FNDA:58,sortDeps
DA:1,1
DA:2,58
DA:3,58
DA:4,142
DA:5,142
DA:6,142
DA:7,142
DA:8,142
DA:9,58
DA:10,58
LF:10
LH:10
BRDA:1,0,0,58
BRDA:1,1,0,58
BRDA:3,2,0,142
BRF:3
BRH:3
end_of_record
TN:
SF:src/utils.ts
FN:5,transformManyPkgData
FN:25,getInternalPackages
FN:30,getNumberOfPeersByPackage
FN:35,getInternalPackageNames
FNF:4
FNH:4
FNDA:1,transformManyPkgData
FNDA:1,getInternalPackages
FNDA:132,getNumberOfPeersByPackage
FNDA:1,getInternalPackageNames
DA:1,1
DA:2,1
DA:3,1
DA:4,1
DA:5,1
DA:6,1
DA:7,1
DA:8,8
DA:9,8
DA:10,8
DA:11,8
DA:12,7
DA:13,8
DA:14,8
DA:15,8
DA:16,0
DA:17,8
DA:18,8
DA:19,8
DA:20,8
DA:21,1
DA:22,1
DA:23,1
DA:24,1
DA:25,1
DA:26,1
DA:27,1
DA:28,1
DA:29,1
DA:30,1
DA:31,132
DA:32,132
DA:33,132
DA:34,1
DA:35,1
DA:36,1
LF:36
LH:35
BRDA:5,0,0,1
BRDA:7,1,0,8
BRDA:11,2,0,7
BRDA:14,3,0,1
BRDA:15,4,0,0
BRDA:25,5,0,1
BRDA:30,6,0,132
BRDA:32,7,0,126
BRDA:32,8,0,6
BRDA:35,9,0,1
BRDA:36,10,0,8
BRF:11
BRH:10
end_of_record
